INFO: Seed: 887593015
INFO: Loaded 1 modules   (318 inline 8-bit counters): 318 [0x5af2a0, 0x5af3de),
INFO: Loaded 1 PC tables (318 PCs): 318 [0x571488,0x572868),
INFO:       18 files found in ../seeds/
INFO: -max_len is not provided; libFuzzer will not generate inputs larger than 4096 bytes
INFO: seed corpus: files: 18 min: 1b max: 1070b total: 3164b rss: 27Mb
=================================================================
==72==ERROR: AddressSanitizer: attempting free on address which was not malloc()-ed: 0x0fffbb749200 in thread T0
    #0 0x51dfdd in free (/src/libfuzzer/fuzzer_store_png_palette+0x51dfdd)
    #1 0x554dcd in store_idat_plte /src/libfuzzer/pngparser.c:1008:5
    #2 0x5569be in store_png_palette /src/libfuzzer/pngparser.c:1050:3
    #3 0x5569be in store_png /src/libfuzzer/pngparser.c:1077:5
    #4 0x54dae3 in LLVMFuzzerTestOneInput /src/libfuzzer/fuzzer_store_png_palette.c:23:5
    #5 0x4586f1 in fuzzer::Fuzzer::ExecuteCallback(unsigned char const*, unsigned long) (/src/libfuzzer/fuzzer_store_png_palette+0x4586f1)
    #6 0x457e35 in fuzzer::Fuzzer::RunOne(unsigned char const*, unsigned long, bool, fuzzer::InputInfo*, bool*) (/src/libfuzzer/fuzzer_store_png_palette+0x457e35)
    #7 0x45a757 in fuzzer::Fuzzer::ReadAndExecuteSeedCorpora(std::__Fuzzer::vector<fuzzer::SizedFile, fuzzer::fuzzer_allocator<fuzzer::SizedFile> >&) (/src/libfuzzer/fuzzer_store_png_palette+0x45a757)
    #8 0x45aab9 in fuzzer::Fuzzer::Loop(std::__Fuzzer::vector<fuzzer::SizedFile, fuzzer::fuzzer_allocator<fuzzer::SizedFile> >&) (/src/libfuzzer/fuzzer_store_png_palette+0x45aab9)
    #9 0x44978e in fuzzer::FuzzerDriver(int*, char***, int (*)(unsigned char const*, unsigned long)) (/src/libfuzzer/fuzzer_store_png_palette+0x44978e)
    #10 0x4725d2 in main (/src/libfuzzer/fuzzer_store_png_palette+0x4725d2)
    #11 0x7f61728940b2 in __libc_start_main (/lib/x86_64-linux-gnu/libc.so.6+0x240b2)
    #12 0x41e52d in _start (/src/libfuzzer/fuzzer_store_png_palette+0x41e52d)

Address 0x0fffbb749200 is located in the high shadow area.
SUMMARY: AddressSanitizer: bad-free (/src/libfuzzer/fuzzer_store_png_palette+0x51dfdd) in free
==72==ABORTING
MS: 0 ; base unit: 0000000000000000000000000000000000000000
artifact_prefix='./'; Test unit written to ./crash-41d80f4911ffb240439c1aa7d4cb4f97f2a68ad7