INFO: Seed: 1537108446
INFO: Loaded 1 modules   (328 inline 8-bit counters): 328 [0x5b02a0, 0x5b03e8),
INFO: Loaded 1 PC tables (328 PCs): 328 [0x572488,0x573908),
INFO:       16 files found in ../seeds/
INFO: -max_len is not provided; libFuzzer will not generate inputs larger than 4096 bytes
INFO: seed corpus: files: 16 min: 1b max: 1070b total: 2364b rss: 27Mb
AddressSanitizer:DEADLYSIGNAL
=================================================================
==77==ERROR: AddressSanitizer: SEGV on unknown address 0x0000000000c0 (pc 0x7f21afd251fa bp 0x7fff8dd28290 sp 0x7fff8dd28230 T0)
==77==The signal is caused by a READ memory access.
==77==Hint: address points to the zero page.
    #0 0x7f21afd251fa in fwrite_unlocked (/lib/x86_64-linux-gnu/libc.so.6+0x8e1fa)
    #1 0x556bbf in store_filesig /src/libfuzzer/pngparser.c:769:10
    #2 0x556bbf in store_png /src/libfuzzer/pngparser.c:1053:3
    #3 0x54dce5 in LLVMFuzzerTestOneInput /src/libfuzzer/fuzzer_store_png_name.c:35:5
    #4 0x4586f1 in fuzzer::Fuzzer::ExecuteCallback(unsigned char const*, unsigned long) (/src/libfuzzer/fuzzer_store_png_name+0x4586f1)
    #5 0x457e35 in fuzzer::Fuzzer::RunOne(unsigned char const*, unsigned long, bool, fuzzer::InputInfo*, bool*) (/src/libfuzzer/fuzzer_store_png_name+0x457e35)
    #6 0x45a757 in fuzzer::Fuzzer::ReadAndExecuteSeedCorpora(std::__Fuzzer::vector<fuzzer::SizedFile, fuzzer::fuzzer_allocator<fuzzer::SizedFile> >&) (/src/libfuzzer/fuzzer_store_png_name+0x45a757)
    #7 0x45aab9 in fuzzer::Fuzzer::Loop(std::__Fuzzer::vector<fuzzer::SizedFile, fuzzer::fuzzer_allocator<fuzzer::SizedFile> >&) (/src/libfuzzer/fuzzer_store_png_name+0x45aab9)
    #8 0x44978e in fuzzer::FuzzerDriver(int*, char***, int (*)(unsigned char const*, unsigned long)) (/src/libfuzzer/fuzzer_store_png_name+0x44978e)
    #9 0x4725d2 in main (/src/libfuzzer/fuzzer_store_png_name+0x4725d2)
    #10 0x7f21afcbb0b2 in __libc_start_main (/lib/x86_64-linux-gnu/libc.so.6+0x240b2)
    #11 0x41e52d in _start (/src/libfuzzer/fuzzer_store_png_name+0x41e52d)

AddressSanitizer can not provide additional info.
SUMMARY: AddressSanitizer: SEGV (/lib/x86_64-linux-gnu/libc.so.6+0x8e1fa) in fwrite_unlocked
==77==ABORTING
MS: 0 ; base unit: 0000000000000000000000000000000000000000
0x2e,
.
artifact_prefix='./'; Test unit written to ./crash-3a52ce780950d4d969792a2559cd519d7ee8c727
Base64: Lg==